<?xml version="1.0" encoding="UTF-8"?>
<!-- Generated by org.testng.reporters.JUnitReportReporter -->
<testsuite hostname="MacBook-Pro-2.local" name="com.muks.testng.TestRegressions" tests="3" failures="0" timestamp="12 Apr 2016 20:43:08 GMT" time="0.004" errors="0">
  <testcase name="testSampleOne" time="0.002" classname="com.muks.testng.TestRegressions"/>
  <testcase name="testSampleThree" time="0.001" classname="com.muks.testng.TestRegressions"/>
  <testcase name="testSampleTwo" time="0.001" classname="com.muks.testng.TestRegressions"/>
</testsuite> <!-- com.muks.testng.TestRegressions -->
